c:\users\msamsonov\desktop\fsworker1\fsworker\x64\debug\fsworker.pch
c:\users\msamsonov\desktop\fsworker1\fsworker\x64\debug\vc142.pdb
c:\users\msamsonov\desktop\fsworker1\fsworker\x64\debug\vc142.idb
c:\users\msamsonov\desktop\fsworker1\fsworker\x64\debug\pch.obj
c:\users\msamsonov\desktop\fsworker1\fsworker\x64\debug\ntfsclass.obj
c:\users\msamsonov\desktop\fsworker1\fsworker\x64\debug\iterator.obj
c:\users\msamsonov\desktop\fsworker1\fsworker\x64\debug\fsworker.obj
c:\users\msamsonov\desktop\fsworker1\fsworker\x64\debug\fsclass.obj
c:\users\msamsonov\desktop\fsworker1\fsworker\x64\debug\fat32class.obj
c:\users\msamsonov\desktop\fsworker1\fsworker\x64\debug\exfatclass.obj
c:\users\msamsonov\desktop\fsworker1\fsworker\x64\debug\driveclass.obj
c:\users\msamsonov\desktop\fsworker1\fsworker\x64\debug\decorator.obj
c:\users\msamsonov\desktop\fsworker1\x64\debug\fsworker.ilk
c:\users\msamsonov\desktop\fsworker1\x64\debug\fsworker.exe
c:\users\msamsonov\desktop\fsworker1\x64\debug\fsworker.pdb
c:\users\msamsonov\desktop\fsworker1\fsworker\x64\debug\fsworker.tlog\cl.command.1.tlog
c:\users\msamsonov\desktop\fsworker1\fsworker\x64\debug\fsworker.tlog\cl.read.1.tlog
c:\users\msamsonov\desktop\fsworker1\fsworker\x64\debug\fsworker.tlog\cl.write.1.tlog
c:\users\msamsonov\desktop\fsworker1\fsworker\x64\debug\fsworker.tlog\link.command.1.tlog
c:\users\msamsonov\desktop\fsworker1\fsworker\x64\debug\fsworker.tlog\link.read.1.tlog
c:\users\msamsonov\desktop\fsworker1\fsworker\x64\debug\fsworker.tlog\link.write.1.tlog
